【2018-09-26 18:00:38,712】【INFO】【------传统彩票日报表-----】
【2018-09-26 18:01:22,807】【INFO】【投注金额: 0.002】
【2018-09-26 18:02:42,188】【INFO】【投注前数据: 8.2360 投注后数据: 8.2380】
【2018-09-26 18:02:45,246】【INFO】【------传统彩票团队报表------】
【2018-09-26 18:03:27,558】【INFO】【投注金额：0.002】
【2018-09-26 18:04:46,899】【INFO】【投注前数据: 8.2380 投注后数据: 8.2400】
【2018-09-26 18:04:49,958】【INFO】【------秒秒彩日报表------】
【2018-09-26 18:05:43,792】【INFO】【秒秒彩投注金额：0.04】
【2018-09-26 18:05:49,212】【INFO】【投注前数据: 8.2400 投注后数据: 8.2800】
【2018-09-26 18:05:52,261】【INFO】【------秒秒彩团队报表------】
【2018-09-26 18:06:43,822】【INFO】【秒秒彩投注金额：0.04】
【2018-09-26 18:06:49,403】【INFO】【投注前数据: 8.2800 投注后数据: 8.3200】
【2018-09-26 18:06:52,455】【INFO】【------传统彩票下注------】
【2018-09-26 18:07:21,905】【INFO】【提示信息：订单提交成功！】
【2018-09-26 18:07:32,428】【INFO】【
下注注单号: 201809260b2Tney1D4ly0001
生成订单号: 201809260b2Tney1D4ly0001】
【2018-09-26 18:07:35,496】【INFO】【------充值------】
【2018-09-26 18:08:07,458】【INFO】【支付渠道：支付宝扫码】
【2018-09-26 18:08:10,530】【INFO】【------撤单------】
【2018-09-26 18:09:12,401】【INFO】【撤单信息：撤单成功】
【2018-09-26 18:09:14,468】【INFO】【中奖情况：个人撤单】
【2018-09-26 18:09:17,533】【INFO】【------推广链接------】
【2018-09-26 18:09:47,441】【INFO】【增加推广链接提示信息：成功生成推广链接！】
【2018-09-26 18:09:50,580】【INFO】【
注册链接名: IL0xFT 
生成链接名: IL0xFT】
【2018-09-26 18:09:53,631】【INFO】【------注册------】
【2018-09-26 18:10:22,306】【INFO】【注册提示信息：开户成功！】
【2018-09-26 18:10:25,363】【INFO】【------追号------】
【2018-09-26 18:11:11,653】【INFO】【追号提示信息：订单提交成功！】
【2018-09-26 18:12:56,230】【INFO】【追号进度：已完成】
【2018-09-26 18:12:59,299】【INFO】【------转账------】
【2018-09-26 18:13:34,840】【INFO】【提示信息：转账成功】
【2018-09-26 18:13:49,333】【INFO】【------妙妙彩下注------】
【2018-09-26 18:14:37,260】【INFO】【
下注注单号: 201809260CAooM1D6om0001 
生成订单号: 201809260CAooM1D6om0001】
【2018-09-26 18:14:40,309】【INFO】【------提现------】
【2018-09-26 18:15:04,715】【INFO】【提示信息: 提现申请订单成功, 本次提交申请取款金额为：101.00元】
【2018-09-26 18:15:07,784】【INFO】【------开奖------】
【2018-09-26 18:16:17,907】【INFO】【
奖金组: 1.956 
中奖额: 1.956】
