【2019-01-02 09:54:38,435】【INFO】【-------------------------开始执行用例:【摩臣】-------------------------】
【2019-01-02 09:54:38,437】【INFO】【------传统彩票日报表-----】
【2019-01-02 09:56:06,324】【INFO】【投注金额: 0.002】
【2019-01-02 09:56:09,067】【ERROR】【Message: unknown error: Element <button type="button" i-id="lt_ok">...</button> is not clickable at point (878, 487). Other element would receive the click: <div tabindex="0" style="opacity: 0.7; background: rgb(0, 0, 0); position: fixed; left: 0px; top: 0px; width: 100%; height: 100%; overflow: hidden; user-select: none; z-index: 1026;" class="ui-popup-backdrop"></div>
  (Session info: chrome=67.0.3396.99)
  (Driver info: chromedriver=2.39.562718 (9a2698cba08cf5a471a29d30c8b3e12becabb0e9),platform=Windows NT 6.1.7601 SP1 x86_64)
】
【2019-01-02 09:56:15,779】【ERROR】【Message: 
】
【2019-01-02 09:56:53,746】【INFO】【投注前数据: 0.0000 投注后数据: 0.0000】
【2019-01-02 09:56:58,268】【INFO】【------传统彩票团队报表------】
【2019-01-02 09:58:06,328】【INFO】【投注金额：0.002】
【2019-01-02 09:59:57,278】【INFO】【投注前数据: 0.0000 投注后数据: 0.0020】
【2019-01-02 10:00:00,668】【INFO】【------秒秒彩日报表------】
【2019-01-02 10:01:14,521】【INFO】【秒秒彩投注金额：0.04】
【2019-01-02 10:01:20,970】【INFO】【投注前数据: 0.0020 投注后数据: 0.0420】
【2019-01-02 10:01:24,373】【INFO】【------秒秒彩团队报表------】
【2019-01-02 10:02:30,982】【INFO】【秒秒彩投注金额：0.04】
【2019-01-02 10:02:37,958】【INFO】【投注前数据: 0.0420 投注后数据: 0.0820】
【2019-01-02 10:02:41,372】【INFO】【------传统彩票下注------】
【2019-01-02 10:03:20,410】【INFO】【提示信息：订单提交成功！】
【2019-01-02 10:03:36,143】【INFO】【
下注注单号: 201901020b2TnHpa1SI0001
生成订单号: 201901020b2TnHpa1SI0001】
【2019-01-02 10:03:39,546】【INFO】【------充值------】
【2019-01-02 10:04:19,244】【INFO】【支付渠道：收银台】
【2019-01-02 10:04:22,424】【INFO】【------撤单------】
【2019-01-02 10:05:15,004】【INFO】【撤单信息：撤单成功】
【2019-01-02 10:05:17,125】【INFO】【中奖情况：个人撤单】
【2019-01-02 10:05:20,301】【INFO】【------推广链接------】
【2019-01-02 10:06:01,895】【INFO】【增加推广链接提示信息：成功生成推广链接！】
【2019-01-02 10:06:05,134】【INFO】【
注册链接名: JWU3Gd 
生成链接名: JWU3Gd】
【2019-01-02 10:06:08,310】【INFO】【------注册------】
【2019-01-02 10:06:44,141】【INFO】【注册提示信息：开户成功！】
【2019-01-02 10:06:47,319】【INFO】【------追号------】
【2019-01-02 10:07:27,604】【INFO】【追号提示信息：订单提交成功！】
【2019-01-02 10:07:27,642】【INFO】【等待追号:80秒】
【2019-01-02 10:08:59,812】【INFO】【追号进度：已完成】
【2019-01-02 10:09:02,988】【INFO】【------转账------】
【2019-01-02 10:09:42,674】【INFO】【转出钱包转账前余额：25.9973】
【2019-01-02 10:09:42,674】【INFO】【转入钱包转账前余额：0.0000】
【2019-01-02 10:09:42,674】【INFO】【转账金额：21】
【2019-01-02 10:09:46,076】【INFO】【提示信息：转账成功】
【2019-01-02 10:09:57,698】【INFO】【转出钱包转账后余额：4.9973】
【2019-01-02 10:09:57,698】【INFO】【转入钱包转账后余额：21.0000】
【2019-01-02 10:10:00,810】【INFO】【------秒秒彩下注------】
【2019-01-02 10:10:55,258】【INFO】【
下注注单号: 201901020CAoF6a2ys0001 
生成订单号: 201901020CAoF6a2ys0001】
【2019-01-02 10:10:58,358】【INFO】【------开奖------】
【2019-01-02 10:12:10,288】【INFO】【
奖金组: 1.882 
中奖额: 1.882】
【2019-01-02 10:12:13,353】【INFO】【-----------------------所有用例运行完成-----------------------】
