【2019-01-04 08:28:36,968】【INFO】【-------------------------开始执行用例:【摩臣】-------------------------】
【2019-01-04 08:28:36,978】【INFO】【------传统彩票日报表-----】
【2019-01-04 08:29:29,509】【INFO】【投注金额: 0.002】
【2019-01-04 08:30:33,960】【INFO】【投注前数据: 0.0000 投注后数据: 0.0020】
【2019-01-04 08:30:37,018】【INFO】【------传统彩票团队报表------】
【2019-01-04 08:31:25,874】【INFO】【投注金额：0.002】
【2019-01-04 08:32:33,267】【INFO】【投注前数据: 0.0020 投注后数据: 0.0040】
【2019-01-04 08:32:36,344】【INFO】【------秒秒彩日报表------】
【2019-01-04 08:33:40,151】【INFO】【秒秒彩投注金额：0.04】
【2019-01-04 08:33:45,819】【INFO】【投注前数据: 0.0040 投注后数据: 0.0440】
【2019-01-04 08:33:48,893】【INFO】【------秒秒彩团队报表------】
【2019-01-04 08:34:45,021】【INFO】【秒秒彩投注金额：0.04】
【2019-01-04 08:34:51,148】【INFO】【投注前数据: 0.0440 投注后数据: 0.0840】
【2019-01-04 08:34:54,235】【INFO】【------传统彩票下注------】
【2019-01-04 08:35:28,450】【INFO】【提示信息：订单提交成功！】
【2019-01-04 08:35:40,349】【INFO】【
下注注单号: 201901040b2TnBQjWlo0001
生成订单号: 201901040b2TnBQjWlo0001】
【2019-01-04 08:35:43,443】【INFO】【------充值------】
【2019-01-04 08:36:32,034】【INFO】【支付渠道：充值中心】
【2019-01-04 08:36:35,133】【INFO】【------撤单------】
【2019-01-04 08:37:20,290】【INFO】【撤单信息：撤单成功】
【2019-01-04 08:37:22,352】【INFO】【中奖情况：个人撤单】
【2019-01-04 08:37:25,415】【INFO】【------推广链接------】
【2019-01-04 08:38:07,736】【INFO】【增加推广链接提示信息：成功生成推广链接！】
【2019-01-04 08:38:10,841】【INFO】【
注册链接名: X4tbvR 
生成链接名: X4tbvR】
【2019-01-04 08:38:13,904】【INFO】【------注册------】
【2019-01-04 08:38:52,663】【INFO】【注册提示信息：开户成功！】
【2019-01-04 08:38:55,755】【INFO】【------追号------】
【2019-01-04 08:39:31,760】【INFO】【追号提示信息：订单提交成功！】
【2019-01-04 08:39:31,783】【INFO】【等待追号:84秒】
【2019-01-04 08:41:03,629】【INFO】【追号进度：已完成】
【2019-01-04 08:41:06,714】【INFO】【------转账------】
【2019-01-04 08:41:44,032】【INFO】【转出钱包转账前余额：25.7473】
【2019-01-04 08:41:44,032】【INFO】【转入钱包转账前余额：0.0000】
【2019-01-04 08:41:44,032】【INFO】【转账金额：28】
【2019-01-04 08:41:47,397】【INFO】【提示信息：转账成功】
【2019-01-04 08:41:58,817】【INFO】【转出钱包转账后余额：0.7473】
【2019-01-04 08:41:58,817】【INFO】【转入钱包转账后余额：25.0000】
【2019-01-04 08:42:02,220】【INFO】【------秒秒彩下注------】
【2019-01-04 08:42:38,139】【ERROR】【Message: unknown error: Element <div i="title" class="ui-dialog-title" id="title:1546562548248">...</div> is not clickable at point (951, 319). Other element would receive the click: <div class="last">...</div>
  (Session info: chrome=67.0.3396.99)
  (Driver info: chromedriver=2.39.562718 (9a2698cba08cf5a471a29d30c8b3e12becabb0e9),platform=Windows NT 6.1.7601 SP1 x86_64)
】
【2019-01-04 08:42:39,575】【ERROR】【Message: unknown error: Element <button type="button" i-id="lt_ok">...</button> is not clickable at point (951, 435). Other element would receive the click: <ul class="es-list" style="top: 373.5px; left: 902.5px; width: 58px; display: block;">...</ul>
  (Session info: chrome=67.0.3396.99)
  (Driver info: chromedriver=2.39.562718 (9a2698cba08cf5a471a29d30c8b3e12becabb0e9),platform=Windows NT 6.1.7601 SP1 x86_64)
】
【2019-01-04 08:43:03,664】【INFO】【
下注注单号: 201901040CAoRljWlx0001 
生成订单号: 201901040CAoRljWlx0001】
【2019-01-04 08:43:06,717】【INFO】【------提现------】
【2019-01-04 08:43:47,518】【ERROR】【Message: 
】
【2019-01-04 08:43:47,858】【ERROR】【Message: no such element: Unable to locate element: {"method":"xpath","selector":"/html/body/div[9]/div/table/tbody/tr[2]/td/div"}
  (Session info: chrome=67.0.3396.99)
  (Driver info: chromedriver=2.39.562718 (9a2698cba08cf5a471a29d30c8b3e12becabb0e9),platform=Windows NT 6.1.7601 SP1 x86_64)
】
【2019-01-04 08:43:48,215】【ERROR】【'NoneType' object has no attribute 'text'】
【2019-01-04 08:43:48,215】【INFO】【提示信息: None】
【2019-01-04 08:43:51,640】【INFO】【------开奖------】
【2019-01-04 08:44:34,556】【ERROR】【Message: 
】
【2019-01-04 08:44:38,005】【ERROR】【Message: no such element: Unable to locate element: {"method":"xpath","selector":"//ul[@class="js-recency-list"]/li[1]//span[contains(@class,"status")]"}
  (Session info: chrome=67.0.3396.99)
  (Driver info: chromedriver=2.39.562718 (9a2698cba08cf5a471a29d30c8b3e12becabb0e9),platform=Windows NT 6.1.7601 SP1 x86_64)
】
【2019-01-04 08:44:41,043】【INFO】【-----------------------所有用例运行完成-----------------------】
