【2019-04-05 09:58:01,138】【INFO】【-------------------------开始执行用例:【摩登】-------------------------】
【2019-04-05 09:58:01,138】【INFO】【------传统彩票日报表-----】
【2019-04-05 09:58:55,490】【INFO】【投注金额: 0.002】
【2019-04-05 10:00:19,208】【INFO】【投注前数据: 0.2960 投注后数据: 0.2980】
【2019-04-05 10:00:21,330】【INFO】【------传统彩票团队报表------】
【2019-04-05 10:01:16,073】【INFO】【投注金额：0.002】
【2019-04-05 10:02:18,530】【INFO】【投注前数据: 0.1020 投注后数据: 0.1040】
【2019-04-05 10:02:20,657】【INFO】【------秒秒彩日报表------】
【2019-04-05 10:03:31,347】【INFO】【秒秒彩投注金额：0.04】
【2019-04-05 10:03:38,185】【INFO】【投注前数据: 0.3000 投注后数据: 0.3400】
【2019-04-05 10:03:40,304】【INFO】【------秒秒彩团队报表------】
【2019-04-05 10:04:48,090】【INFO】【秒秒彩投注金额：0.04】
【2019-04-05 10:04:55,031】【INFO】【投注前数据: 0.1440 投注后数据: 0.1840】
【2019-04-05 10:04:57,166】【INFO】【------传统彩票下注------】
【2019-04-05 10:05:43,184】【INFO】【提示信息：订单提交成功！】
【2019-04-05 10:05:46,688】【ERROR】【Message: stale element reference: element is not attached to the page document
  (Session info: chrome=70.0.3538.110)
  (Driver info: chromedriver=2.44.609538 (b655c5a60b0b544917107a59d4153d4bf78e1b90),platform=Windows NT 10.0.17134 x86_64)
】
【2019-04-05 10:05:57,390】【ERROR】【Message: 
】
【2019-04-05 10:05:57,786】【ERROR】【Message: no such element: Unable to locate element: {"method":"xpath","selector":"//*[@id="content:recency-details"]/table/tbody/tr[1]/td/em"}
  (Session info: chrome=70.0.3538.110)
  (Driver info: chromedriver=2.44.609538 (b655c5a60b0b544917107a59d4153d4bf78e1b90),platform=Windows NT 10.0.17134 x86_64)
】
【2019-04-05 10:05:58,154】【ERROR】【'NoneType' object has no attribute 'text'】
【2019-04-05 10:06:07,191】【INFO】【
下注注单号: None
生成订单号: 201904050b2TnB31SSt0001】
【2019-04-05 10:06:09,327】【INFO】【------充值------】
【2019-04-05 10:06:59,759】【INFO】【支付渠道：页面不存在_百度搜索】
【2019-04-05 10:07:01,907】【INFO】【------撤单------】
【2019-04-05 10:07:47,524】【INFO】【撤单信息：撤单成功】
【2019-04-05 10:07:49,564】【INFO】【中奖情况：个人撤单】
【2019-04-05 10:07:51,677】【INFO】【------推广链接------】
【2019-04-05 10:08:31,194】【INFO】【增加推广链接提示信息：成功生成推广链接！】
【2019-04-05 10:08:34,312】【INFO】【
注册链接名: 50EAah 
生成链接名: 50EAah】
【2019-04-05 10:08:36,438】【INFO】【------注册------】
【2019-04-05 10:09:16,656】【INFO】【注册提示信息：开户成功！】
【2019-04-05 10:09:18,771】【INFO】【------追号------】
【2019-04-05 10:10:02,354】【INFO】【追号提示信息：订单提交成功！】
【2019-04-05 10:10:02,373】【INFO】【等待追号:92秒】
【2019-04-05 10:11:46,054】【INFO】【追号进度：已完成】
【2019-04-05 10:11:48,239】【INFO】【------转账------】
【2019-04-05 10:12:26,086】【INFO】【转出钱包转账前余额：4155.3244】
【2019-04-05 10:12:26,086】【INFO】【转入钱包转账前余额：134.0000】
【2019-04-05 10:12:26,086】【INFO】【转账金额：22】
【2019-04-05 10:12:29,419】【INFO】【提示信息：转账成功】
【2019-04-05 10:12:40,852】【INFO】【转出钱包转账后余额：4133.3244】
【2019-04-05 10:12:40,853】【INFO】【转入钱包转账后余额：156.0000】
【2019-04-05 10:12:43,046】【INFO】【------秒秒彩下注------】
【2019-04-05 10:13:55,812】【INFO】【
下注注单号: 201904050CAoCH1Ucj0001 
生成订单号: 201904050CAoCH1Ucj0001】
【2019-04-05 10:13:57,958】【INFO】【------提现------】
【2019-04-05 10:14:30,073】【INFO】【提示信息: 提现申请订单成功, 本次提交申请取款金额为：101.00元】
【2019-04-05 10:14:32,190】【INFO】【------开奖------】
【2019-04-05 10:15:45,819】【ERROR】【Message: no such element: Unable to locate element: {"method":"xpath","selector":"//span[contains(@class,"odds")]/select/option[1]"}
  (Session info: chrome=70.0.3538.110)
  (Driver info: chromedriver=2.44.609538 (b655c5a60b0b544917107a59d4153d4bf78e1b90),platform=Windows NT 10.0.17134 x86_64)
】
【2019-04-05 10:15:47,940】【INFO】【-----------------------所有用例运行完成-----------------------】
