【2019-03-01 10:53:20,704】【INFO】【-------------------------开始执行用例:【摩登】-------------------------】
【2019-03-01 10:53:20,705】【INFO】【------传统彩票日报表-----】
【2019-03-01 10:54:07,542】【INFO】【投注金额: 0.002】
【2019-03-01 10:55:48,879】【INFO】【投注前数据: 4.3720 投注后数据: 4.3740】
【2019-03-01 10:55:51,029】【INFO】【------传统彩票团队报表------】
【2019-03-01 10:56:34,237】【INFO】【投注金额：0.002】
【2019-03-01 10:58:49,031】【INFO】【投注前数据: 4.3740 投注后数据: 4.3760】
【2019-03-01 10:58:51,196】【INFO】【------秒秒彩日报表------】
【2019-03-01 10:59:49,836】【INFO】【秒秒彩投注金额：0.04】
【2019-03-01 10:59:55,945】【INFO】【投注前数据: 4.3760 投注后数据: 4.4160】
【2019-03-01 10:59:58,125】【INFO】【------秒秒彩团队报表------】
【2019-03-01 11:00:52,723】【INFO】【秒秒彩投注金额：0.04】
【2019-03-01 11:00:58,858】【INFO】【投注前数据: 4.4160 投注后数据: 4.4560】
【2019-03-01 11:01:01,001】【INFO】【------传统彩票下注------】
【2019-03-01 11:01:37,362】【INFO】【提示信息：订单提交成功！】
【2019-03-01 11:01:49,295】【INFO】【
下注注单号: 201903010b2TnPIeoQr0001
生成订单号: 201903010b2TnPIeoQr0001】
【2019-03-01 11:01:51,431】【INFO】【------充值------】
【2019-03-01 11:02:22,749】【INFO】【支付渠道：摩臣娱乐 - 异常页面】
【2019-03-01 11:02:25,316】【INFO】【------撤单------】
【2019-03-01 11:03:31,028】【INFO】【撤单信息：撤单成功】
【2019-03-01 11:03:33,086】【INFO】【中奖情况：个人撤单】
【2019-03-01 11:03:35,235】【INFO】【------推广链接------】
【2019-03-01 11:04:17,311】【INFO】【增加推广链接提示信息：成功生成推广链接！】
【2019-03-01 11:04:20,425】【INFO】【
注册链接名: 7PRg8U 
生成链接名: 7PRg8U】
【2019-03-01 11:04:22,570】【INFO】【------注册------】
【2019-03-01 11:05:01,608】【INFO】【注册提示信息：开户成功！】
【2019-03-01 11:05:03,760】【INFO】【------追号------】
【2019-03-01 11:05:43,182】【INFO】【追号提示信息：订单提交成功！】
【2019-03-01 11:05:43,200】【INFO】【等待追号:95秒】
【2019-03-01 11:07:27,491】【INFO】【追号进度：已完成】
【2019-03-01 11:07:29,642】【INFO】【------转账------】
【2019-03-01 11:08:10,334】【INFO】【转出钱包转账前余额：4328.0325】
【2019-03-01 11:08:10,335】【INFO】【转入钱包转账前余额：107.0000】
【2019-03-01 11:08:10,335】【INFO】【转账金额：27】
【2019-03-01 11:08:13,703】【INFO】【提示信息：转账成功】
【2019-03-01 11:08:25,081】【INFO】【转出钱包转账后余额：4301.0325】
【2019-03-01 11:08:25,082】【INFO】【转入钱包转账后余额：134.0000】
【2019-03-01 11:08:27,212】【INFO】【------秒秒彩下注------】
【2019-03-01 11:09:34,860】【INFO】【
下注注单号: 201903010CAolrepYw0001 
生成订单号: 201903010CAolrepYw0001】
【2019-03-01 11:09:37,004】【INFO】【------提现------】
【2019-03-01 11:10:06,053】【INFO】【提示信息: 提现申请订单成功, 本次提交申请取款金额为：101.00元】
【2019-03-01 11:10:08,191】【INFO】【------开奖------】
【2019-03-01 11:12:21,080】【INFO】【
奖金组: 1.956 
中奖额: 1.956】
【2019-03-01 11:12:23,400】【INFO】【-----------------------所有用例运行完成-----------------------】
