¡¾2019-03-14 16:50:53,549¡¿¡¾ERROR¡¿¡¾Message: no such element: Unable to locate element: {"method":"xpath","selector":"//*[@id="lottery"]/div[contains(@class,"js-number")]/div//dd/i[text()="0"]"}
  (Session info: chrome=70.0.3538.110)
  (Driver info: chromedriver=2.44.609538 (b655c5a60b0b544917107a59d4153d4bf78e1b90),platform=Windows NT 10.0.17134 x86_64)
¡¿
¡¾2019-03-14 16:50:53,920¡¿¡¾ERROR¡¿¡¾'NoneType' object has no attribute 'click'¡¿
¡¾2019-03-14 16:50:54,299¡¿¡¾ERROR¡¿¡¾Message: no such element: Unable to locate element: {"method":"xpath","selector":"//*[@id="lottery"]/div[contains(@class,"js-number")]/div//dd/i[text()="1"]"}
  (Session info: chrome=70.0.3538.110)
  (Driver info: chromedriver=2.44.609538 (b655c5a60b0b544917107a59d4153d4bf78e1b90),platform=Windows NT 10.0.17134 x86_64)
¡¿
¡¾2019-03-14 16:50:54,818¡¿¡¾ERROR¡¿¡¾'NoneType' object has no attribute 'click'¡¿
¡¾2019-03-14 16:50:55,200¡¿¡¾ERROR¡¿¡¾Message: no such element: Unable to locate element: {"method":"xpath","selector":"//*[@id="lottery"]/div[contains(@class,"js-number")]/div//dd/i[text()="2"]"}
  (Session info: chrome=70.0.3538.110)
  (Driver info: chromedriver=2.44.609538 (b655c5a60b0b544917107a59d4153d4bf78e1b90),platform=Windows NT 10.0.17134 x86_64)
¡¿
¡¾2019-03-14 16:50:55,568¡¿¡¾ERROR¡¿¡¾'NoneType' object has no attribute 'click'¡¿
¡¾2019-03-14 16:51:26,385¡¿¡¾ERROR¡¿¡¾Message: no such element: Unable to locate element: {"method":"xpath","selector":"//*[@id="lottery"]/div[contains(@class,"js-number")]//textarea"}
  (Session info: chrome=70.0.3538.110)
  (Driver info: chromedriver=2.44.609538 (b655c5a60b0b544917107a59d4153d4bf78e1b90),platform=Windows NT 10.0.17134 x86_64)
¡¿
¡¾2019-03-14 16:51:26,835¡¿¡¾ERROR¡¿¡¾'NoneType' object has no attribute 'send_keys'¡¿
