【2019-01-04 08:29:14,246】【INFO】【-------------------------开始执行用例:【摩登】-------------------------】
【2019-01-04 08:29:14,247】【INFO】【------传统彩票日报表-----】
【2019-01-04 08:30:04,896】【INFO】【投注金额: 0.002】
【2019-01-04 08:31:33,484】【INFO】【投注前数据: 0.0000 投注后数据: 0.0020】
【2019-01-04 08:31:36,554】【INFO】【------传统彩票团队报表------】
【2019-01-04 08:32:21,885】【INFO】【投注金额：0.002】
【2019-01-04 08:34:24,508】【INFO】【投注前数据: 0.0020 投注后数据: 0.0040】
【2019-01-04 08:34:27,576】【INFO】【------秒秒彩日报表------】
【2019-01-04 08:35:23,904】【INFO】【秒秒彩投注金额：0.04】
【2019-01-04 08:35:29,915】【INFO】【投注前数据: 0.0040 投注后数据: 0.0440】
【2019-01-04 08:35:32,968】【INFO】【------秒秒彩团队报表------】
【2019-01-04 08:36:26,161】【INFO】【秒秒彩投注金额：0.04】
【2019-01-04 08:36:32,150】【INFO】【投注前数据: 0.0440 投注后数据: 0.0840】
【2019-01-04 08:36:35,233】【INFO】【------传统彩票下注------】
【2019-01-04 08:37:11,372】【INFO】【提示信息：订单提交成功！】
【2019-01-04 08:37:21,884】【INFO】【
下注注单号: 201901040b2TnK6IVAz0001
生成订单号: 201901040b2TnK6IVAz0001】
【2019-01-04 08:37:24,963】【INFO】【------充值------】
【2019-01-04 08:38:09,434】【INFO】【支付渠道：充值中心】
【2019-01-04 08:38:12,514】【INFO】【------撤单------】
【2019-01-04 08:39:12,072】【INFO】【撤单信息：撤单成功】
【2019-01-04 08:39:14,110】【INFO】【中奖情况：个人撤单】
【2019-01-04 08:39:17,162】【INFO】【------推广链接------】
【2019-01-04 08:39:50,854】【INFO】【增加推广链接提示信息：成功生成推广链接！】
【2019-01-04 08:39:53,970】【INFO】【
注册链接名: cJgzC7 
生成链接名: cJgzC7】
【2019-01-04 08:39:57,035】【INFO】【------注册------】
【2019-01-04 08:40:30,985】【INFO】【注册提示信息：开户成功！】
【2019-01-04 08:40:34,073】【INFO】【------追号------】
【2019-01-04 08:41:08,633】【INFO】【追号提示信息：订单提交成功！】
【2019-01-04 08:41:08,650】【INFO】【等待追号:109秒】
【2019-01-04 08:43:05,306】【INFO】【追号进度：已完成】
【2019-01-04 08:43:08,358】【INFO】【------转账------】
【2019-01-04 08:43:43,513】【INFO】【转出钱包转账前余额：4437.7612】
【2019-01-04 08:43:43,513】【INFO】【转入钱包转账前余额：24.0000】
【2019-01-04 08:43:43,513】【INFO】【转账金额：29】
【2019-01-04 08:43:46,820】【INFO】【提示信息：转账成功】
【2019-01-04 08:43:58,201】【INFO】【转出钱包转账后余额：4408.7612】
【2019-01-04 08:43:58,201】【INFO】【转入钱包转账后余额：53.0000】
【2019-01-04 08:44:01,263】【INFO】【------秒秒彩下注------】
【2019-01-04 08:44:54,668】【INFO】【
下注注单号: 201901040CAoPQIVB30001 
生成订单号: 201901040CAoPQIVB30001】
【2019-01-04 08:44:57,733】【INFO】【------提现------】
【2019-01-04 08:45:27,944】【INFO】【提示信息: 提现申请订单成功, 本次提交申请取款金额为：101.00元】
【2019-01-04 08:45:31,008】【INFO】【------开奖------】
【2019-01-04 08:46:28,639】【ERROR】【Message: 
】
【2019-01-04 08:46:29,011】【ERROR】【Message: no such element: Unable to locate element: {"method":"xpath","selector":"//div[contains(@class,'js-clock clock cl-count')]"}
  (Session info: chrome=67.0.3396.99)
  (Driver info: chromedriver=2.39.562718 (9a2698cba08cf5a471a29d30c8b3e12becabb0e9),platform=Windows NT 6.1.7601 SP1 x86_64)
】
【2019-01-04 08:46:32,109】【INFO】【-----------------------所有用例运行完成-----------------------】
