【2019-04-05 10:01:00,148】【INFO】【-------------------------开始执行用例:【摩臣】-------------------------】
【2019-04-05 10:01:00,149】【INFO】【------传统彩票日报表-----】
【2019-04-05 10:01:45,531】【INFO】【投注金额: 0.002】
【2019-04-05 10:03:15,014】【INFO】【投注前数据: 0.0000 投注后数据: 0.0020】
【2019-04-05 10:03:17,153】【INFO】【------传统彩票团队报表------】
【2019-04-05 10:04:03,981】【INFO】【投注金额：0.002】
【2019-04-05 10:05:09,242】【INFO】【投注前数据: 0.0020 投注后数据: 0.0040】
【2019-04-05 10:05:11,350】【INFO】【------秒秒彩日报表------】
【2019-04-05 10:06:10,638】【INFO】【秒秒彩投注金额：0.04】
【2019-04-05 10:06:16,954】【INFO】【投注前数据: 0.0040 投注后数据: 0.0440】
【2019-04-05 10:06:19,058】【INFO】【------秒秒彩团队报表------】
【2019-04-05 10:07:13,949】【INFO】【秒秒彩投注金额：0.04】
【2019-04-05 10:07:20,774】【INFO】【投注前数据: 0.0440 投注后数据: 0.0840】
【2019-04-05 10:07:22,891】【INFO】【------传统彩票下注------】
【2019-04-05 10:07:55,488】【INFO】【提示信息：订单提交成功！】
【2019-04-05 10:08:06,926】【INFO】【
下注注单号: 201904050b2TnSa2zQV0001
生成订单号: 201904050b2TnSa2zQV0001】
【2019-04-05 10:08:09,045】【INFO】【------充值------】
【2019-04-05 10:08:36,384】【ERROR】【Message: no such element: Unable to locate element: {"method":"xpath","selector":"//*[contains(@class,"aliMin min red")]"}
  (Session info: chrome=70.0.3538.110)
  (Driver info: chromedriver=2.44.609538 (b655c5a60b0b544917107a59d4153d4bf78e1b90),platform=Windows NT 10.0.17134 x86_64)
】
【2019-04-05 10:08:36,727】【ERROR】【'NoneType' object has no attribute 'text'】
【2019-04-05 10:08:38,929】【INFO】【------撤单------】
【2019-04-05 10:09:43,388】【ERROR】【Message: no such element: Unable to locate element: {"method":"xpath","selector":"//*[@class="js-recency-list"]/li[1]//*[text()="撤单"]"}
  (Session info: chrome=70.0.3538.110)
  (Driver info: chromedriver=2.44.609538 (b655c5a60b0b544917107a59d4153d4bf78e1b90),platform=Windows NT 10.0.17134 x86_64)
】
【2019-04-05 10:09:45,527】【INFO】【------推广链接------】
【2019-04-05 10:10:18,591】【INFO】【增加推广链接提示信息：试玩账户不能生成推广链接】
【2019-04-05 10:10:21,119】【INFO】【------注册------】
【2019-04-05 10:10:53,434】【INFO】【注册提示信息：开户成功！】
【2019-04-05 10:10:55,580】【INFO】【------追号------】
【2019-04-05 10:11:43,315】【INFO】【追号提示信息：订单提交成功！】
【2019-04-05 10:11:43,345】【INFO】【等待追号:107秒】
【2019-04-05 10:13:38,699】【INFO】【追号进度：已完成】
【2019-04-05 10:13:40,878】【INFO】【------转账------】
【2019-04-05 10:14:16,496】【INFO】【转出钱包转账前余额：9839661.4343】
【2019-04-05 10:14:16,496】【INFO】【转入钱包转账前余额：0.0000】
【2019-04-05 10:14:16,496】【INFO】【转账金额：27】
【2019-04-05 10:14:18,803】【INFO】【提示信息：正式账号才能转账！】
【2019-04-05 10:14:21,317】【INFO】【------秒秒彩下注------】
【2019-04-05 10:15:17,716】【INFO】【
下注注单号: 201904050CAodF30xf0001 
生成订单号: 201904050CAodF30xf0001】
【2019-04-05 10:15:19,835】【INFO】【------提现------】
【2019-04-05 10:15:47,500】【ERROR】【Message: no such element: Unable to locate element: {"method":"id","selector":"eachMin"}
  (Session info: chrome=70.0.3538.110)
  (Driver info: chromedriver=2.44.609538 (b655c5a60b0b544917107a59d4153d4bf78e1b90),platform=Windows NT 10.0.17134 x86_64)
】
【2019-04-05 10:15:47,866】【ERROR】【'NoneType' object has no attribute 'text'】
【2019-04-05 10:15:50,060】【INFO】【------开奖------】
【2019-04-05 10:16:48,620】【ERROR】【Message: no such element: Unable to locate element: {"method":"xpath","selector":"//span[contains(@class,"odds")]/select/option[1]"}
  (Session info: chrome=70.0.3538.110)
  (Driver info: chromedriver=2.44.609538 (b655c5a60b0b544917107a59d4153d4bf78e1b90),platform=Windows NT 10.0.17134 x86_64)
】
【2019-04-05 10:16:50,761】【INFO】【-----------------------所有用例运行完成-----------------------】
