【2019-01-02 09:55:08,616】【INFO】【-------------------------开始执行用例:【摩登】-------------------------】
【2019-01-02 09:55:08,617】【INFO】【------传统彩票日报表-----】
【2019-01-02 09:56:19,915】【INFO】【投注金额: 0.002】
【2019-01-02 09:58:33,121】【INFO】【投注前数据: 0.0000 投注后数据: 0.0020】
【2019-01-02 09:58:37,155】【INFO】【------传统彩票团队报表------】
【2019-01-02 09:59:39,344】【INFO】【投注金额：0.002】
【2019-01-02 10:01:45,630】【INFO】【投注前数据: 0.0020 投注后数据: 0.0040】
【2019-01-02 10:01:49,027】【INFO】【------秒秒彩日报表------】
【2019-01-02 10:02:59,585】【INFO】【秒秒彩投注金额：0.04】
【2019-01-02 10:03:06,130】【INFO】【投注前数据: 0.0040 投注后数据: 0.0440】
【2019-01-02 10:03:09,550】【INFO】【------秒秒彩团队报表------】
【2019-01-02 10:04:13,199】【INFO】【秒秒彩投注金额：0.04】
【2019-01-02 10:04:19,673】【INFO】【投注前数据: 0.0440 投注后数据: 0.0840】
【2019-01-02 10:04:22,847】【INFO】【------传统彩票下注------】
【2019-01-02 10:05:03,211】【INFO】【提示信息：订单提交成功！】
【2019-01-02 10:05:15,253】【INFO】【
下注注单号: 201901020b2TnlkDC9p0001
生成订单号: 201901020b2TnlkDC9p0001】
【2019-01-02 10:05:18,438】【INFO】【------充值------】
【2019-01-02 10:05:56,193】【INFO】【支付渠道：收银台】
【2019-01-02 10:05:59,367】【INFO】【------撤单------】
【2019-01-02 10:06:58,921】【INFO】【撤单信息：撤单成功】
【2019-01-02 10:07:01,054】【INFO】【中奖情况：个人撤单】
【2019-01-02 10:07:04,234】【INFO】【------推广链接------】
【2019-01-02 10:07:44,269】【INFO】【增加推广链接提示信息：成功生成推广链接！】
【2019-01-02 10:07:47,513】【INFO】【
注册链接名: qMsWym 
生成链接名: qMsWym】
【2019-01-02 10:07:50,691】【INFO】【------注册------】
【2019-01-02 10:08:26,295】【INFO】【注册提示信息：开户成功！】
【2019-01-02 10:08:29,480】【INFO】【------追号------】
【2019-01-02 10:09:04,636】【INFO】【追号提示信息：订单提交成功！】
【2019-01-02 10:09:04,653】【INFO】【等待追号:105秒】
【2019-01-02 10:10:58,901】【INFO】【追号进度：已完成】
【2019-01-02 10:11:02,003】【INFO】【------转账------】
【2019-01-02 10:11:41,202】【INFO】【转出钱包转账前余额：4128.3752】
【2019-01-02 10:11:41,202】【INFO】【转入钱包转账前余额：344.0000】
【2019-01-02 10:11:41,202】【INFO】【转账金额：20】
【2019-01-02 10:11:44,552】【INFO】【提示信息：转账成功】
【2019-01-02 10:11:56,055】【INFO】【转出钱包转账后余额：4108.3752】
【2019-01-02 10:11:56,056】【INFO】【转入钱包转账后余额：364.0000】
【2019-01-02 10:11:59,143】【INFO】【------秒秒彩下注------】
【2019-01-02 10:12:50,626】【INFO】【
下注注单号: 201901020CAoO0DD2N0001 
生成订单号: 201901020CAoO0DD2N0001】
【2019-01-02 10:12:53,702】【INFO】【------开奖------】
【2019-01-02 10:14:56,965】【INFO】【
奖金组: 1.956 
中奖额: 1.956】
【2019-01-02 10:15:00,046】【INFO】【-----------------------所有用例运行完成-----------------------】
